<?xml version="1.0" encoding="UTF-8"?>
<!-- Generated by org.testng.reporters.JUnitXMLReporter -->
<testsuite ignored="0" hostname="DESKTOP-SAN0BM5" failures="1" tests="1" name="RegisterlinkTest" time="1.849" errors="0" timestamp="2026-07-20T13:07:36 IST">
  <testcase classname="Testcases.RegisterTestCases" name="register" time="0.0">
    <failure type="org.testng.TestNGException" message="
Data Provider public static java.lang.Object[][] DataProvider.TestDataProvider.ReadExcelData() returned a null value">
      <![CDATA[org.testng.TestNGException: 
Data Provider public static java.lang.Object[][] DataProvider.TestDataProvider.ReadExcelData() returned a null value
at java.base/java.util.ArrayList.forEach(ArrayList.java:1596)
... Removed 24 stack frames]]>
    </failure>
  </testcase> <!-- register -->
</testsuite> <!-- RegisterlinkTest -->
